<?xml version="1.0" encoding="UTF-8"?>
<!-- Generated by org.testng.reporters.JUnitReportReporter -->
<testsuite hostname="DESKTOP-ORUEUCR" failures="0" tests="1" name="test.Google" time="9.932" errors="0" timestamp="2021-06-22T21:53:40 EDT" skipped="0">
  <testcase classname="test.Google" name="TitleValidation" time="9.932"/>
  <system-out/>
</testsuite> <!-- test.Google -->
